
=== Rehearsal N — 2026-04-22 15:21 ===
[invocation]  ./demo.sh
=== Step 1/3: building cache_sim ===

=== Step 2/3: 6-policy sweep on 5K Congress slice (demo_trace.csv) ===
=== Cache Policy Simulator for Legislative Workloads ===

Loading trace: traces/demo_trace.csv
Replay-Zipf: 4903 unique objects from real trace, generating 500000 accesses with alpha=0.8

Workload summary:
  Requests: 500000
  Unique objects: 4903
  Estimated Zipf alpha: 0.799
  One-hit-wonder ratio (10%): 0.081
  Size (mean/median/p99): 819 / 231 / 3138 bytes

      Cache%       LRU      FIFO     CLOCK   S3-FIFO     SIEVE W-TinyLFU
------------------------------------------------------------------------
       0.1%    0.9835    0.9836    0.9823    0.9745    0.9829    0.9054
       1.0%    0.8706    0.8874    0.8387    0.8049    0.7511    0.7423
       5.0%    0.6898    0.7265    0.6670    0.6262    0.5718    0.5735
      10.0%    0.5816    0.6242    0.5604    0.5254    0.4727    0.4722

MRC data written to results/demo/mrc.csv

One-Hit-Wonder Ratio at Various Window Lengths
  Window=   1% -> OHW ratio: 0.620
  Window=   5% -> OHW ratio: 0.237
  Window=  10% -> OHW ratio: 0.081
  Window=  20% -> OHW ratio: 0.009
  Window=  50% -> OHW ratio: 0.000
  Window= 100% -> OHW ratio: 0.000

Done. Results written to results/demo/

=== Miss-ratio table (live) ===
cache_frac  cache_size_bytes  policy     miss_ratio  byte_miss_ratio  accesses_per_sec
0.001       3596              LRU        0.98347     0.97576          1.07503e+07
0.001       3596              FIFO       0.983572    0.975938         1.05269e+07
0.001       3596              CLOCK      0.98231     0.975361         9.12079e+06
0.001       3596              S3-FIFO    0.974506    0.96083          4.91804e+06
0.001       3596              SIEVE      0.982902    0.975486         1.03929e+07
0.001       3596              W-TinyLFU  0.905404    0.941127         4.66165e+06
0.01        35969             LRU        0.870572    0.803305         1.03818e+07
0.01        35969             FIFO       0.887418    0.83496          1.04114e+07
0.01        35969             CLOCK      0.838656    0.760976         5.98496e+06
0.01        35969             S3-FIFO    0.80487     0.734334         5.32375e+06
0.01        35969             SIEVE      0.751096    0.695784         1.08208e+07
0.01        35969             W-TinyLFU  0.742324    0.69465          4.84655e+06
0.05        179847            LRU        0.689758    0.628087         1.10747e+07
0.05        179847            FIFO       0.726492    0.666329         1.12276e+07
0.05        179847            CLOCK      0.667044    0.608558         3.76476e+06
0.05        179847            S3-FIFO    0.626214    0.571583         6.11137e+06
0.05        179847            SIEVE      0.571828    0.519765         1.29715e+07
0.05        179847            W-TinyLFU  0.573538    0.530577         5.39699e+06
0.1         359694            LRU        0.581612    0.528277         1.20338e+07
0.1         359694            FIFO       0.624152    0.568755         1.16354e+07
0.1         359694            CLOCK      0.560416    0.507785         2.87372e+06
0.1         359694            S3-FIFO    0.525354    0.472448         6.57266e+06
0.1         359694            SIEVE      0.472666    0.422492         1.44102e+07
0.1         359694            W-TinyLFU  0.47217     0.437608         5.753e+06

=== Step 3/3: rendering figure ===
Generating figures for workload 'demo' from results/demo...
  Saved results/demo/figures/mrc.pdf
  Saved results/demo/figures/byte_mrc.pdf
  Skipping alpha plot: results/demo/alpha_sensitivity.csv not found
  Saved results/demo/figures/ohw.pdf
  Skipping SHARDS plot: results/demo/shards_mrc.csv not found
  Saved results/demo/figures/ablation_s3fifo.pdf
  Saved results/demo/figures/ablation_sieve.pdf
  Saved results/demo/figures/ablation_doorkeeper.pdf
  Saved results/compare/figures/compare_mrc_2panel.pdf
  Saved results/compare/figures/compare_policy_delta.pdf
  Saved results/compare/figures/compare_mrc_overlay.pdf
  Saved results/compare/figures/winner_per_regime_bar.pdf
  Saved results/demo/figures/workload.pdf
Done.

=== demo complete. Figure: results/demo/figures/mrc.pdf ===
=== wall-clock: 4s ===
[verdict]     PASS

=== Rehearsal 2 — 2026-04-22 15:23 ===
[invocation]  ./demo.sh
=== Step 1/3: building cache_sim ===

=== Step 2/3: 6-policy sweep on 5K Congress slice (demo_trace.csv) ===
=== Cache Policy Simulator for Legislative Workloads ===

Loading trace: traces/demo_trace.csv
Replay-Zipf: 4903 unique objects from real trace, generating 500000 accesses with alpha=0.8

Workload summary:
  Requests: 500000
  Unique objects: 4903
  Estimated Zipf alpha: 0.799
  One-hit-wonder ratio (10%): 0.081
  Size (mean/median/p99): 819 / 231 / 3138 bytes

      Cache%       LRU      FIFO     CLOCK   S3-FIFO     SIEVE W-TinyLFU
------------------------------------------------------------------------
       0.1%    0.9835    0.9836    0.9823    0.9745    0.9829    0.9054
       1.0%    0.8706    0.8874    0.8387    0.8049    0.7511    0.7423
       5.0%    0.6898    0.7265    0.6670    0.6262    0.5718    0.5735
      10.0%    0.5816    0.6242    0.5604    0.5254    0.4727    0.4722

MRC data written to results/demo/mrc.csv

One-Hit-Wonder Ratio at Various Window Lengths
  Window=   1% -> OHW ratio: 0.620
  Window=   5% -> OHW ratio: 0.237
  Window=  10% -> OHW ratio: 0.081
  Window=  20% -> OHW ratio: 0.009
  Window=  50% -> OHW ratio: 0.000
  Window= 100% -> OHW ratio: 0.000

Done. Results written to results/demo/

=== Miss-ratio table (live) ===
cache_frac  cache_size_bytes  policy     miss_ratio  byte_miss_ratio  accesses_per_sec
0.001       3596              LRU        0.98347     0.97576          1.08136e+07
0.001       3596              FIFO       0.983572    0.975938         1.05927e+07
0.001       3596              CLOCK      0.98231     0.975361         8.74759e+06
0.001       3596              S3-FIFO    0.974506    0.96083          5.04039e+06
0.001       3596              SIEVE      0.982902    0.975486         1.08047e+07
0.001       3596              W-TinyLFU  0.905404    0.941127         4.77311e+06
0.01        35969             LRU        0.870572    0.803305         1.06583e+07
0.01        35969             FIFO       0.887418    0.83496          1.06367e+07
0.01        35969             CLOCK      0.838656    0.760976         5.95721e+06
0.01        35969             S3-FIFO    0.80487     0.734334         5.34743e+06
0.01        35969             SIEVE      0.751096    0.695784         1.11594e+07
0.01        35969             W-TinyLFU  0.742324    0.69465          4.84097e+06
0.05        179847            LRU        0.689758    0.628087         1.10404e+07
0.05        179847            FIFO       0.726492    0.666329         1.07902e+07
0.05        179847            CLOCK      0.667044    0.608558         3.75244e+06
0.05        179847            S3-FIFO    0.626214    0.571583         6.02585e+06
0.05        179847            SIEVE      0.571828    0.519765         1.25781e+07
0.05        179847            W-TinyLFU  0.573538    0.530577         5.19899e+06
0.1         359694            LRU        0.581612    0.528277         1.15207e+07
0.1         359694            FIFO       0.624152    0.568755         1.15231e+07
0.1         359694            CLOCK      0.560416    0.507785         2.86456e+06
0.1         359694            S3-FIFO    0.525354    0.472448         6.50024e+06
0.1         359694            SIEVE      0.472666    0.422492         1.43165e+07
0.1         359694            W-TinyLFU  0.47217     0.437608         5.63014e+06

=== Step 3/3: rendering figure ===
Generating figures for workload 'demo' from results/demo...
  Saved results/demo/figures/mrc.pdf
  Saved results/demo/figures/byte_mrc.pdf
  Skipping alpha plot: results/demo/alpha_sensitivity.csv not found
  Saved results/demo/figures/ohw.pdf
  Skipping SHARDS plot: results/demo/shards_mrc.csv not found
  Saved results/demo/figures/ablation_s3fifo.pdf
  Saved results/demo/figures/ablation_sieve.pdf
  Saved results/demo/figures/ablation_doorkeeper.pdf
  Saved results/compare/figures/compare_mrc_2panel.pdf
  Saved results/compare/figures/compare_policy_delta.pdf
  Saved results/compare/figures/compare_mrc_overlay.pdf
  Saved results/compare/figures/winner_per_regime_bar.pdf
  Saved results/demo/figures/workload.pdf
Done.

=== demo complete. Figure: results/demo/figures/mrc.pdf ===
=== wall-clock: 3s ===
[verdict]     PASS

=== Rehearsal 3 — 2026-04-22 16:06 ===
[invocation]  ./demo.sh
=== Step 1/3: building cache_sim ===

=== Step 2/3: 6-policy sweep on 5K Congress slice (demo_trace.csv) ===
=== Cache Policy Simulator for Legislative Workloads ===

Loading trace: traces/demo_trace.csv
Replay-Zipf: 4903 unique objects from real trace, generating 500000 accesses with alpha=0.8

Workload summary:
  Requests: 500000
  Unique objects: 4903
  Estimated Zipf alpha: 0.799
  One-hit-wonder ratio (10%): 0.081
  Size (mean/median/p99): 819 / 231 / 3138 bytes

      Cache%       LRU      FIFO     CLOCK   S3-FIFO     SIEVE W-TinyLFU
------------------------------------------------------------------------
       0.1%    0.9835    0.9836    0.9823    0.9745    0.9829    0.9054
       1.0%    0.8706    0.8874    0.8387    0.8049    0.7511    0.7423
       5.0%    0.6898    0.7265    0.6670    0.6262    0.5718    0.5735
      10.0%    0.5816    0.6242    0.5604    0.5254    0.4727    0.4722

MRC data written to results/demo/mrc.csv

One-Hit-Wonder Ratio at Various Window Lengths
  Window=   1% -> OHW ratio: 0.620
  Window=   5% -> OHW ratio: 0.237
  Window=  10% -> OHW ratio: 0.081
  Window=  20% -> OHW ratio: 0.009
  Window=  50% -> OHW ratio: 0.000
  Window= 100% -> OHW ratio: 0.000

Done. Results written to results/demo/

=== Miss-ratio table (live) ===
cache_frac  cache_size_bytes  policy     miss_ratio  byte_miss_ratio  accesses_per_sec
0.001       3596              LRU        0.98347     0.97576          1.07318e+07
0.001       3596              FIFO       0.983572    0.975938         1.07632e+07
0.001       3596              CLOCK      0.98231     0.975361         8.73832e+06
0.001       3596              S3-FIFO    0.974506    0.96083          5.05636e+06
0.001       3596              SIEVE      0.982902    0.975486         1.07221e+07
0.001       3596              W-TinyLFU  0.905404    0.941127         4.73318e+06
0.01        35969             LRU        0.870572    0.803305         1.06917e+07
0.01        35969             FIFO       0.887418    0.83496          1.05419e+07
0.01        35969             CLOCK      0.838656    0.760976         5.97408e+06
0.01        35969             S3-FIFO    0.80487     0.734334         5.50793e+06
0.01        35969             SIEVE      0.751096    0.695784         1.12949e+07
0.01        35969             W-TinyLFU  0.742324    0.69465          4.88516e+06
0.05        179847            LRU        0.689758    0.628087         1.09227e+07
0.05        179847            FIFO       0.726492    0.666329         1.12639e+07
0.05        179847            CLOCK      0.667044    0.608558         3.79126e+06
0.05        179847            S3-FIFO    0.626214    0.571583         6.11962e+06
0.05        179847            SIEVE      0.571828    0.519765         1.25726e+07
0.05        179847            W-TinyLFU  0.573538    0.530577         5.34945e+06
0.1         359694            LRU        0.581612    0.528277         1.17921e+07
0.1         359694            FIFO       0.624152    0.568755         1.13993e+07
0.1         359694            CLOCK      0.560416    0.507785         2.89714e+06
0.1         359694            S3-FIFO    0.525354    0.472448         6.50073e+06
0.1         359694            SIEVE      0.472666    0.422492         1.39961e+07
0.1         359694            W-TinyLFU  0.47217     0.437608         5.71447e+06

=== Step 3/3: rendering figure ===
Generating figures for workload 'demo' from results/demo...
  Saved results/demo/figures/mrc.pdf
  Saved results/demo/figures/byte_mrc.pdf
  Skipping alpha plot: results/demo/alpha_sensitivity.csv not found
  Saved results/demo/figures/ohw.pdf
  Skipping SHARDS plot: results/demo/shards_mrc.csv not found
  Saved results/demo/figures/ablation_s3fifo.pdf
  Saved results/demo/figures/ablation_sieve.pdf
  Saved results/demo/figures/ablation_doorkeeper.pdf
  Saved results/compare/figures/compare_mrc_2panel.pdf
  Saved results/compare/figures/compare_policy_delta.pdf
  Saved results/compare/figures/compare_mrc_overlay.pdf
  Saved results/compare/figures/winner_per_regime_bar.pdf
  Saved results/demo/figures/workload.pdf
Done.

=== demo complete. Figure: results/demo/figures/mrc.pdf ===
=== wall-clock: 4s ===
[verdict]     PASS
